Vivado Simulator v2021.2
Copyright 1986-1999, 2001-2021 Xilinx, Inc. All Rights Reserved.
Running: /home_local/Xilinx/Vivado/2021.2/bin/unwrapped/lnx64.o/xelab work.move_ctr_fsm_tb -snapshot move_ctr_fsm_tb -prj /student/jjaskowiec/Desktop/graTest/UEC2_projekt_2025/sim/move_ctr_fsm/move_ctr_fsm.prj -timescale 1ns/1ps -L unisims_ver -debug typical 
Multi-threading is on. Using 6 slave threads.
INFO: [VRFC 10-2263] Analyzing SystemVerilog file "/home/student/jjaskowiec/Desktop/graTest/UEC2_projekt_2025/rtl/vga_pkg.sv" into library work
INFO: [VRFC 10-2263] Analyzing SystemVerilog file "/home/student/jjaskowiec/Desktop/graTest/UEC2_projekt_2025/rtl/move_ctr_fsm.sv" into library work
INFO: [VRFC 10-311] analyzing module move_ctr_fsm
INFO: [VRFC 10-2263] Analyzing SystemVerilog file "/home/student/jjaskowiec/Desktop/graTest/UEC2_projekt_2025/rtl/collision_detect.sv" into library work
INFO: [VRFC 10-311] analyzing module collision_detect
INFO: [VRFC 10-2263] Analyzing SystemVerilog file "/home/student/jjaskowiec/Desktop/graTest/UEC2_projekt_2025/sim/move_ctr_fsm/move_ctr_fsm_tb.sv" into library work
INFO: [VRFC 10-311] analyzing module move_ctr_fsm_tb
Starting static elaboration
Pass Through NonSizing Optimizer
Completed static elaboration
Starting simulation data flow analysis
Completed simulation data flow analysis
Time Resolution for simulation is 1ps
Compiling package work.vga_pkg
Compiling module work.move_ctr_fsm
Compiling module work.move_ctr_fsm_tb
Built simulation snapshot move_ctr_fsm_tb
