*** Start analyzing build configuration ***
INFO: Auto-config - Scanning: /student/jjaskowiec/Downloads/UEC2_projekt_2025
INFO: Auto-config - VLOG: /student/jjaskowiec/Downloads/UEC2_projekt_2025
INFO: Auto-config - VHDL: /student/jjaskowiec/Downloads/UEC2_projekt_2025
INFO: Auto-config - Wrote:
    .dvt/default.build.auto.1
*** List of included argument files ***
    Build configuration file:  /student/jjaskowiec/Downloads/UEC2_projekt_2025/.dvt/default.build
    -f /home/student/jjaskowiec/Downloads/UEC2_projekt_2025/.dvt/default.build.auto.1
*** List of invocations ***
Invocation #1 +dvt_init+dvt in /home/student/jjaskowiec/Downloads/UEC2_projekt_2025/.dvt/default.build.auto.1 at line 9
*** Done analyzing build configuration [591 ms] ***

*** Start VHDL build ***
*** Done parsing [301 ms] ***
*** Total number of lines [0] ***
Performing post full build step 1 (VHDL - RU) [28 ms] ...
*** Files summary [0 total, 0 unique] ***
*** Done VHDL build [332 ms] ***

*** Start SystemVerilog build ***
*** Invocation #1***
Loading (1) /student/jjaskowiec/Downloads/UEC2_projekt_2025/fpga/rtl/clk_wiz_project.v ...
Done /student/jjaskowiec/Downloads/UEC2_projekt_2025/fpga/rtl/clk_wiz_project.v [19 ms, 88 lines, Verilog_2001] ...
Loading (2) /student/jjaskowiec/Downloads/UEC2_projekt_2025/fpga/rtl/clk_wiz_project_clk_wiz.v ...
Done /student/jjaskowiec/Downloads/UEC2_projekt_2025/fpga/rtl/clk_wiz_project_clk_wiz.v [28 ms, 211 lines, Verilog_2001] ...
Loading (3) /student/jjaskowiec/Downloads/UEC2_projekt_2025/fpga/rtl/top_vga_basys3.sv ...
Done /student/jjaskowiec/Downloads/UEC2_projekt_2025/fpga/rtl/top_vga_basys3.sv [8 ms, 71 lines, SystemVerilog_2012] ...
Loading (4) /student/jjaskowiec/Downloads/UEC2_projekt_2025/rtl/collision_detect.sv ...
Done /student/jjaskowiec/Downloads/UEC2_projekt_2025/rtl/collision_detect.sv [18 ms, 25 lines, SystemVerilog_2012] ...
Loading (5) /student/jjaskowiec/Downloads/UEC2_projekt_2025/rtl/delay.sv ...
Done /student/jjaskowiec/Downloads/UEC2_projekt_2025/rtl/delay.sv [11 ms, 50 lines, SystemVerilog_2012] ...
Loading (6) /student/jjaskowiec/Downloads/UEC2_projekt_2025/rtl/draw/draw_figures.sv ...
Done /student/jjaskowiec/Downloads/UEC2_projekt_2025/rtl/draw/draw_figures.sv [15 ms, 68 lines, SystemVerilog_2012] ...
Loading (7) /student/jjaskowiec/Downloads/UEC2_projekt_2025/rtl/draw/draw_platforms.sv ...
Done /student/jjaskowiec/Downloads/UEC2_projekt_2025/rtl/draw/draw_platforms.sv [20 ms, 115 lines, SystemVerilog_2012] ...
Loading (8) /student/jjaskowiec/Downloads/UEC2_projekt_2025/rtl/draw/draw_screens.sv ...
Done /student/jjaskowiec/Downloads/UEC2_projekt_2025/rtl/draw/draw_screens.sv [9 ms, 62 lines, SystemVerilog_2012] ...
Loading (9) /student/jjaskowiec/Downloads/UEC2_projekt_2025/rtl/draw_rect.sv ...
Done /student/jjaskowiec/Downloads/UEC2_projekt_2025/rtl/draw_rect.sv [13 ms, 127 lines, SystemVerilog_2012] ...
Loading (10) /student/jjaskowiec/Downloads/UEC2_projekt_2025/rtl/image_rom.sv ...
Done /student/jjaskowiec/Downloads/UEC2_projekt_2025/rtl/image_rom.sv [4 ms, 47 lines, SystemVerilog_2012] ...
Loading (11) /student/jjaskowiec/Downloads/UEC2_projekt_2025/rtl/keyboard/PS2Receiver.v ...
Done /student/jjaskowiec/Downloads/UEC2_projekt_2025/rtl/keyboard/PS2Receiver.v [37 ms, 83 lines, Verilog_2001] ...
Loading (12) /student/jjaskowiec/Downloads/UEC2_projekt_2025/rtl/keyboard/debouncer.v ...
Done /student/jjaskowiec/Downloads/UEC2_projekt_2025/rtl/keyboard/debouncer.v [3 ms, 43 lines, Verilog_2001] ...
Loading (13) /student/jjaskowiec/Downloads/UEC2_projekt_2025/rtl/keyboard/keyboard_ctl.sv ...
Done /student/jjaskowiec/Downloads/UEC2_projekt_2025/rtl/keyboard/keyboard_ctl.sv [6 ms, 58 lines, SystemVerilog_2012] ...
Loading (14) /student/jjaskowiec/Downloads/UEC2_projekt_2025/rtl/keyboard/read_keyboard.sv ...
Done /student/jjaskowiec/Downloads/UEC2_projekt_2025/rtl/keyboard/read_keyboard.sv [6 ms, 59 lines, SystemVerilog_2012] ...
Loading (15) /student/jjaskowiec/Downloads/UEC2_projekt_2025/rtl/top_vga.sv ...
Done /student/jjaskowiec/Downloads/UEC2_projekt_2025/rtl/top_vga.sv [9 ms, 113 lines, SystemVerilog_2012] ...
Loading (16) /student/jjaskowiec/Downloads/UEC2_projekt_2025/rtl/vga_if.sv ...
Done /student/jjaskowiec/Downloads/UEC2_projekt_2025/rtl/vga_if.sv [6 ms, 14 lines, SystemVerilog_2012] ...
Loading (17) /student/jjaskowiec/Downloads/UEC2_projekt_2025/sim/common/tiff_writer.sv ...
Done /student/jjaskowiec/Downloads/UEC2_projekt_2025/sim/common/tiff_writer.sv [43 ms, 405 lines, SystemVerilog_2012] ...
Loading (18) /student/jjaskowiec/Downloads/UEC2_projekt_2025/sim/keyboard_ctl/keyboard_ctl_tb.sv ...
Done /student/jjaskowiec/Downloads/UEC2_projekt_2025/sim/keyboard_ctl/keyboard_ctl_tb.sv [13 ms, 109 lines, SystemVerilog_2012] ...
Loading (19) /student/jjaskowiec/Downloads/UEC2_projekt_2025/sim/move_ctr_fsm/move_ctr_fsm_tb.sv ...
Done /student/jjaskowiec/Downloads/UEC2_projekt_2025/sim/move_ctr_fsm/move_ctr_fsm_tb.sv [6 ms, 81 lines, SystemVerilog_2012] ...
Loading (20) /student/jjaskowiec/Downloads/UEC2_projekt_2025/sim/top_fpga/top_fpga_tb.sv ...
Done /student/jjaskowiec/Downloads/UEC2_projekt_2025/sim/top_fpga/top_fpga_tb.sv [6 ms, 106 lines, SystemVerilog_2012] ...
Loading (21) /student/jjaskowiec/Downloads/UEC2_projekt_2025/rtl/vga_pkg.sv ...
Done /student/jjaskowiec/Downloads/UEC2_projekt_2025/rtl/vga_pkg.sv [3 ms, 34 lines, SystemVerilog_2012] ...
Loading (22) /student/jjaskowiec/Downloads/UEC2_projekt_2025/sim/vga_timing/vga_timing_tb.sv ...
Done /student/jjaskowiec/Downloads/UEC2_projekt_2025/sim/vga_timing/vga_timing_tb.sv [8 ms, 120 lines, SystemVerilog_2012] ...
Loading (23) /student/jjaskowiec/Downloads/UEC2_projekt_2025/sim/top_vga/top_vga_tb.sv ...
Done /student/jjaskowiec/Downloads/UEC2_projekt_2025/sim/top_vga/top_vga_tb.sv [6 ms, 110 lines, SystemVerilog_2012] ...
Loading (24) /student/jjaskowiec/Downloads/UEC2_projekt_2025/rtl/vga_timing.sv ...
Done /student/jjaskowiec/Downloads/UEC2_projekt_2025/rtl/vga_timing.sv [7 ms, 98 lines, SystemVerilog_2012] ...
Loading (25) /student/jjaskowiec/Downloads/UEC2_projekt_2025/rtl/move_ctr_fsm.sv ...
Done /student/jjaskowiec/Downloads/UEC2_projekt_2025/rtl/move_ctr_fsm.sv [17 ms, 176 lines, SystemVerilog_2012] ...
Loading (26) /student/jjaskowiec/Downloads/UEC2_projekt_2025/rtl/draw/draw_bg.sv ...
Done /student/jjaskowiec/Downloads/UEC2_projekt_2025/rtl/draw/draw_bg.sv [6 ms, 67 lines, SystemVerilog_2012] ...
Loading (27) /student/jjaskowiec/Downloads/UEC2_projekt_2025/sim/common/glbl.v ...
Done /student/jjaskowiec/Downloads/UEC2_projekt_2025/sim/common/glbl.v [5 ms, 85 lines, Verilog_2001] ...
*** Done invocation #1 [341 ms] ***
*** Done parsing [LT 214 ms, PT 341 ms] ***
*** Total number of lines [2 625] ***
Performing post full build actions ...
Performing post full build step 1 (SRI) [1 ms] ...
Performing post full build step 2 (RI) [1 ms] ...
Performing post full build step 3 (RCP) [1 ms] ...
*** Files summary [27 total, 27 unique, 0 optimized] ***
*** Done SystemVerilog build [542 ms] ***

*** Start mixed mode extension build ***
Performing mixed post full build step (VHDL - RU) [6 ms] ...
Performing mixed post full build step (VHDL - RT) [405 ms] ...
Performing mixed post full build step (VLOG - RI) [2 ms] ...
*** Warning: UNSPECIFIED_TOP: Please specify a -top module/entity/configuration in the project build file
*** Top design candidates: work.delay, work.keyboard_ctl_tb, work.move_ctr_fsm_tb, work.top_fpga_tb, work.vga_timing_tb, work.top_vga_tb
Performing mixed post full build step (MIXED - ELAB) [423 ms] ...
Performing mixed post full build step (MIXED - UNEL) [108 ms] ...
*** Warning: MISSING_PORT_CONNECTION: Instance 'dut' of module 'top_vga_basys3' is missing port connection to input 'PS2Clk, PS2Data'
    at line 59 in /student/jjaskowiec/Downloads/UEC2_projekt_2025/sim/top_fpga/top_fpga_tb.sv:59 [compile index 20]
*** Warning: UNDECLARED_MODULE: Module 'IBUF' is not declared
    at line 78 in /student/jjaskowiec/Downloads/UEC2_projekt_2025/fpga/rtl/clk_wiz_project_clk_wiz.v:78 [compile index 2]
*** Warning: UNDECLARED_MODULE: Module 'MMCME2_ADV' is not declared
    at line 123 in /student/jjaskowiec/Downloads/UEC2_projekt_2025/fpga/rtl/clk_wiz_project_clk_wiz.v:123 [compile index 2]
*** Warning: UNDECLARED_MODULE: Module 'BUFG' is not declared
    at line 185 in /student/jjaskowiec/Downloads/UEC2_projekt_2025/fpga/rtl/clk_wiz_project_clk_wiz.v:185 [compile index 2]
*** Warning: UNDECLARED_MODULE: Module 'BUFGCE' is not declared
    at line 195 in /student/jjaskowiec/Downloads/UEC2_projekt_2025/fpga/rtl/clk_wiz_project_clk_wiz.v:195 [compile index 2]
*** Warning: UNDECLARED_MODULE: Module 'BUFH' is not declared
    at line 200 in /student/jjaskowiec/Downloads/UEC2_projekt_2025/fpga/rtl/clk_wiz_project_clk_wiz.v:200 [compile index 2]
*** Warning: WIDTH_MISMATCH_PADDING: Assignment to 'hcount' of '12-bit' type from 'hcount' of '11-bit' type
    at line 76 in /student/jjaskowiec/Downloads/UEC2_projekt_2025/rtl/top_vga.sv:76 [compile index 15]
*** Warning: WIDTH_MISMATCH_PADDING: Assignment to 'vcount' of '12-bit' type from 'vcount' of '11-bit' type
    at line 77 in /student/jjaskowiec/Downloads/UEC2_projekt_2025/rtl/top_vga.sv:77 [compile index 15]
*** Warning: MISSING_PORT_CONNECTION: Instance 'u_draw_platforms' of module 'draw_platforms' is missing port connection to input 'rst'
    at line 89 in /student/jjaskowiec/Downloads/UEC2_projekt_2025/rtl/top_vga.sv:89 [compile index 15]
*** Warning: UNDRIVEN_INPUT_PORT: Input port 'ps2_clk' is not driven
    at line 67 in /student/jjaskowiec/Downloads/UEC2_projekt_2025/sim/top_vga/top_vga_tb.sv:67 [compile index 23]
*** Warning: UNDRIVEN_INPUT_PORT: Input port 'ps2_data' is not driven
    at line 68 in /student/jjaskowiec/Downloads/UEC2_projekt_2025/sim/top_vga/top_vga_tb.sv:68 [compile index 23]
*** Warning: ASSIGNMENT_BLOCKING: Blocking assignment of 'frame_number' in sequential logic (use non-blocking assignment)
    at line 401 in /student/jjaskowiec/Downloads/UEC2_projekt_2025/sim/common/tiff_writer.sv:401 [compile index 17]
*** Warning: WIDTH_MISMATCH_TRUNCATION: Assignment to 'count' of '5-bit' type from ''b0' of '32-bit' type
    at line 38 in /student/jjaskowiec/Downloads/UEC2_projekt_2025/rtl/keyboard/debouncer.v:38 [compile index 12]
*** Warning: NON_STANDARD_PORT_DEFAULT_VALUE: Ouput port 'keycode' cannot have a default value
    at line 27 in /student/jjaskowiec/Downloads/UEC2_projekt_2025/rtl/keyboard/PS2Receiver.v:27 [compile index 11]
*** Warning: CASE_ITEM_WIDTH_MISMATCH: Comparison between case expression 'cnt' of '4-bit' type and item expression '0' of '32-bit' type
    at line 55 in /student/jjaskowiec/Downloads/UEC2_projekt_2025/rtl/keyboard/PS2Receiver.v:55 [compile index 11]
*** Warning: CASE_ITEM_WIDTH_MISMATCH: Comparison between case expression 'cnt' of '4-bit' type and item expression '1' of '32-bit' type
    at line 56 in /student/jjaskowiec/Downloads/UEC2_projekt_2025/rtl/keyboard/PS2Receiver.v:56 [compile index 11]
*** Warning: CASE_ITEM_WIDTH_MISMATCH: Comparison between case expression 'cnt' of '4-bit' type and item expression '2' of '32-bit' type
    at line 57 in /student/jjaskowiec/Downloads/UEC2_projekt_2025/rtl/keyboard/PS2Receiver.v:57 [compile index 11]
*** Warning: CASE_ITEM_WIDTH_MISMATCH: Comparison between case expression 'cnt' of '4-bit' type and item expression '3' of '32-bit' type
    at line 58 in /student/jjaskowiec/Downloads/UEC2_projekt_2025/rtl/keyboard/PS2Receiver.v:58 [compile index 11]
*** Warning: CASE_ITEM_WIDTH_MISMATCH: Comparison between case expression 'cnt' of '4-bit' type and item expression '4' of '32-bit' type
    at line 59 in /student/jjaskowiec/Downloads/UEC2_projekt_2025/rtl/keyboard/PS2Receiver.v:59 [compile index 11]
*** Warning: CASE_ITEM_WIDTH_MISMATCH: Comparison between case expression 'cnt' of '4-bit' type and item expression '5' of '32-bit' type
    at line 60 in /student/jjaskowiec/Downloads/UEC2_projekt_2025/rtl/keyboard/PS2Receiver.v:60 [compile index 11]
*** Warning: CASE_ITEM_WIDTH_MISMATCH: Comparison between case expression 'cnt' of '4-bit' type and item expression '6' of '32-bit' type
    at line 61 in /student/jjaskowiec/Downloads/UEC2_projekt_2025/rtl/keyboard/PS2Receiver.v:61 [compile index 11]
*** Warning: CASE_ITEM_WIDTH_MISMATCH: Comparison between case expression 'cnt' of '4-bit' type and item expression '7' of '32-bit' type
    at line 62 in /student/jjaskowiec/Downloads/UEC2_projekt_2025/rtl/keyboard/PS2Receiver.v:62 [compile index 11]
*** Warning: CASE_ITEM_WIDTH_MISMATCH: Comparison between case expression 'cnt' of '4-bit' type and item expression '8' of '32-bit' type
    at line 63 in /student/jjaskowiec/Downloads/UEC2_projekt_2025/rtl/keyboard/PS2Receiver.v:63 [compile index 11]
*** Warning: CASE_ITEM_WIDTH_MISMATCH: Comparison between case expression 'cnt' of '4-bit' type and item expression '9' of '32-bit' type
    at line 64 in /student/jjaskowiec/Downloads/UEC2_projekt_2025/rtl/keyboard/PS2Receiver.v:64 [compile index 11]
*** Warning: CASE_ITEM_WIDTH_MISMATCH: Comparison between case expression 'cnt' of '4-bit' type and item expression '10' of '32-bit' type
    at line 65 in /student/jjaskowiec/Downloads/UEC2_projekt_2025/rtl/keyboard/PS2Receiver.v:65 [compile index 11]
*** Warning: STATIC_INITIALIZATION: Explicit 'static' or 'automatic' is required when implicit static variable is initialized
    at line 70 in /student/jjaskowiec/Downloads/UEC2_projekt_2025/rtl/draw/draw_platforms.sv:70 [compile index 7]
*** Warning: STATIC_INITIALIZATION: Explicit 'static' or 'automatic' is required when implicit static variable is initialized
    at line 71 in /student/jjaskowiec/Downloads/UEC2_projekt_2025/rtl/draw/draw_platforms.sv:71 [compile index 7]
*** Warning: STATIC_INITIALIZATION: Explicit 'static' or 'automatic' is required when implicit static variable is initialized
    at line 74 in /student/jjaskowiec/Downloads/UEC2_projekt_2025/rtl/draw/draw_platforms.sv:74 [compile index 7]
*** Warning: STATIC_INITIALIZATION: Explicit 'static' or 'automatic' is required when implicit static variable is initialized
    at line 75 in /student/jjaskowiec/Downloads/UEC2_projekt_2025/rtl/draw/draw_platforms.sv:75 [compile index 7]
*** Warning: STATIC_INITIALIZATION: Explicit 'static' or 'automatic' is required when implicit static variable is initialized
    at line 76 in /student/jjaskowiec/Downloads/UEC2_projekt_2025/rtl/draw/draw_platforms.sv:76 [compile index 7]
*** Warning: CASE_ITEM_WIDTH_MISMATCH: Comparison between case expression 'platform_nr[i]' of '5-bit' type and item expression '0' of '32-bit' type
    at line 79 in /student/jjaskowiec/Downloads/UEC2_projekt_2025/rtl/draw/draw_platforms.sv:79 [compile index 7]
*** Warning: CASE_ITEM_WIDTH_MISMATCH: Comparison between case expression 'platform_nr[i]' of '5-bit' type and item expression '1' of '32-bit' type
    at line 80 in /student/jjaskowiec/Downloads/UEC2_projekt_2025/rtl/draw/draw_platforms.sv:80 [compile index 7]
*** Warning: CASE_ITEM_WIDTH_MISMATCH: Comparison between case expression 'platform_nr[i]' of '5-bit' type and item expression '2' of '32-bit' type
    at line 81 in /student/jjaskowiec/Downloads/UEC2_projekt_2025/rtl/draw/draw_platforms.sv:81 [compile index 7]
*** Warning: NON_STANDARD_PORT_DEFAULT_VALUE: Ouput port 'enter' cannot have a default value
    at line 22 in /student/jjaskowiec/Downloads/UEC2_projekt_2025/rtl/keyboard/read_keyboard.sv:22 [compile index 14]
*** Warning: NON_STANDARD_PORT_DEFAULT_VALUE: Ouput port 'spacebar' cannot have a default value
    at line 23 in /student/jjaskowiec/Downloads/UEC2_projekt_2025/rtl/keyboard/read_keyboard.sv:23 [compile index 14]
*** Warning: NON_STANDARD_PORT_DEFAULT_VALUE: Ouput port 'key_w' cannot have a default value
    at line 24 in /student/jjaskowiec/Downloads/UEC2_projekt_2025/rtl/keyboard/read_keyboard.sv:24 [compile index 14]
*** Warning: NON_STANDARD_PORT_DEFAULT_VALUE: Ouput port 'key_a' cannot have a default value
    at line 25 in /student/jjaskowiec/Downloads/UEC2_projekt_2025/rtl/keyboard/read_keyboard.sv:25 [compile index 14]
*** Warning: NON_STANDARD_PORT_DEFAULT_VALUE: Ouput port 'key_d' cannot have a default value
    at line 26 in /student/jjaskowiec/Downloads/UEC2_projekt_2025/rtl/keyboard/read_keyboard.sv:26 [compile index 14]
*** Warning: STATIC_INITIALIZATION: Explicit 'static' or 'automatic' is required when implicit static variable is initialized
    at line 43 in /student/jjaskowiec/Downloads/UEC2_projekt_2025/rtl/draw/draw_figures.sv:43 [compile index 6]
*** Warning: STATIC_INITIALIZATION: Explicit 'static' or 'automatic' is required when implicit static variable is initialized
    at line 44 in /student/jjaskowiec/Downloads/UEC2_projekt_2025/rtl/draw/draw_figures.sv:44 [compile index 6]
*** Warning: STATIC_INITIALIZATION: Explicit 'static' or 'automatic' is required when implicit static variable is initialized
    at line 45 in /student/jjaskowiec/Downloads/UEC2_projekt_2025/rtl/draw/draw_figures.sv:45 [compile index 6]
*** Warning: UNELABORATED_MODULE: Module 'work.collision_detect' is not elaborated
    at line 1 in /student/jjaskowiec/Downloads/UEC2_projekt_2025/rtl/collision_detect.sv:1 [compile index 4]
*** Warning: UNELABORATED_MODULE: Module 'work.draw_rect' is not elaborated
    at line 10 in /student/jjaskowiec/Downloads/UEC2_projekt_2025/rtl/draw_rect.sv:10 [compile index 9]
*** Warning: UNELABORATED_MODULE: Module 'work.image_rom' is not elaborated
    at line 16 in /student/jjaskowiec/Downloads/UEC2_projekt_2025/rtl/image_rom.sv:16 [compile index 10]
*** Warning: UNELABORATED_MODULE: Module 'work.glbl' is not elaborated
    at line 6 in /student/jjaskowiec/Downloads/UEC2_projekt_2025/sim/common/glbl.v:6 [compile index 27]
Performing mixed post full build step (VHDL - RD) [5 ms] ...
Performing mixed post full build step (VHDL - US) [0 ms] ...
Performing mixed post full build step (VHDL - USBD) [51 ms] ...
Performing mixed post full build step (VLOG - RD) [8 ms] ...
Performing mixed post full build step (VLOG - US) [100 ms] ...
*** Warning: SIGNAL_NEVER_USED: Signal 'clk_in2_clk_wiz_project' is never used
    at line 77 in /student/jjaskowiec/Downloads/UEC2_projekt_2025/fpga/rtl/clk_wiz_project_clk_wiz.v:77 [compile index 2]
*** Warning: SIGNAL_NEVER_USED: Signal 'clk_75MHz_clk_wiz_project' is never used
    at line 93 in /student/jjaskowiec/Downloads/UEC2_projekt_2025/fpga/rtl/clk_wiz_project_clk_wiz.v:93 [compile index 2]
*** Warning: SIGNAL_NEVER_USED: Signal 'clk_10MHz_clk_wiz_project' is never used
    at line 94 in /student/jjaskowiec/Downloads/UEC2_projekt_2025/fpga/rtl/clk_wiz_project_clk_wiz.v:94 [compile index 2]
*** Warning: SIGNAL_NEVER_USED: Signal 'clk_out4_clk_wiz_project' is never used
    at line 95 in /student/jjaskowiec/Downloads/UEC2_projekt_2025/fpga/rtl/clk_wiz_project_clk_wiz.v:95 [compile index 2]
*** Warning: SIGNAL_NEVER_USED: Signal 'clk_out5_clk_wiz_project' is never used
    at line 96 in /student/jjaskowiec/Downloads/UEC2_projekt_2025/fpga/rtl/clk_wiz_project_clk_wiz.v:96 [compile index 2]
*** Warning: SIGNAL_NEVER_USED: Signal 'clk_out6_clk_wiz_project' is never used
    at line 97 in /student/jjaskowiec/Downloads/UEC2_projekt_2025/fpga/rtl/clk_wiz_project_clk_wiz.v:97 [compile index 2]
*** Warning: SIGNAL_NEVER_USED: Signal 'clk_out7_clk_wiz_project' is never used
    at line 98 in /student/jjaskowiec/Downloads/UEC2_projekt_2025/fpga/rtl/clk_wiz_project_clk_wiz.v:98 [compile index 2]
*** Warning: IMPLICIT_DECLARATION: Implicit declaration of 'clk_65MHz_clk_wiz_project_en_clk' using `default_nettype set to wire
    at line 201 in /student/jjaskowiec/Downloads/UEC2_projekt_2025/fpga/rtl/clk_wiz_project_clk_wiz.v:201 [compile index 2]
*** Warning: INTERNAL_GENERATED_CLOCK: Clock signal 'clk_65MHz_clk_wiz_project_en_clk' is not an input port
    at line 203 in /student/jjaskowiec/Downloads/UEC2_projekt_2025/fpga/rtl/clk_wiz_project_clk_wiz.v:203 [compile index 2]
*** Warning: SIGNAL_NEVER_READ: Signal 'locked' is never read (connected to sub-instance output port)
    at line 35 in /student/jjaskowiec/Downloads/UEC2_projekt_2025/fpga/rtl/top_vga_basys3.sv:35 [compile index 3]
*** Warning: SIGNAL_NEVER_USED: Signal 'clk' is never used
    at line 2 in /student/jjaskowiec/Downloads/UEC2_projekt_2025/rtl/collision_detect.sv:2 [compile index 4]
*** Warning: SIGNAL_NEVER_USED: Signal 'rst' is never used
    at line 3 in /student/jjaskowiec/Downloads/UEC2_projekt_2025/rtl/collision_detect.sv:3 [compile index 4]
*** Warning: SIGNAL_NEVER_USED: Signal 'pos_x' is never used
    at line 4 in /student/jjaskowiec/Downloads/UEC2_projekt_2025/rtl/collision_detect.sv:4 [compile index 4]
*** Warning: SIGNAL_NEVER_WRITTEN: Signal 'fire_figure' is never written
    at line 11 in /student/jjaskowiec/Downloads/UEC2_projekt_2025/rtl/draw/draw_figures.sv:11 [compile index 6]
*** Warning: SIGNAL_NEVER_WRITTEN: Signal 'p0' is never written
    at line 19 in /student/jjaskowiec/Downloads/UEC2_projekt_2025/rtl/draw/draw_platforms.sv:19 [compile index 7]
*** Warning: SIGNAL_NEVER_WRITTEN: Signal 'p1' is never written
    at line 20 in /student/jjaskowiec/Downloads/UEC2_projekt_2025/rtl/draw/draw_platforms.sv:20 [compile index 7]
*** Warning: SIGNAL_NEVER_WRITTEN: Signal 'p2' is never written
    at line 21 in /student/jjaskowiec/Downloads/UEC2_projekt_2025/rtl/draw/draw_platforms.sv:21 [compile index 7]
*** Warning: SIGNAL_NEVER_WRITTEN: Signal 'start_text_full' is never written
    at line 24 in /student/jjaskowiec/Downloads/UEC2_projekt_2025/rtl/draw/draw_screens.sv:24 [compile index 8]
*** Warning: SIGNAL_NEVER_WRITTEN: Signal 'rom' is never written
    at line 30 in /student/jjaskowiec/Downloads/UEC2_projekt_2025/rtl/image_rom.sv:30 [compile index 10]
*** Warning: INTERNAL_GENERATED_CLOCK: Clock signal 'kclkf' is not an input port
    at line 53 in /student/jjaskowiec/Downloads/UEC2_projekt_2025/rtl/keyboard/PS2Receiver.v:53 [compile index 11]
*** Warning: SIGNAL_NOT_RESET: Signal 'datacur' is not reset
    at line 56 in /student/jjaskowiec/Downloads/UEC2_projekt_2025/rtl/keyboard/PS2Receiver.v:56 [compile index 11]
*** Warning: SIGNAL_NOT_RESET: Signal 'flag' is not reset
    at line 64 in /student/jjaskowiec/Downloads/UEC2_projekt_2025/rtl/keyboard/PS2Receiver.v:64 [compile index 11]
*** Warning: INTERNAL_GENERATED_RESET: Reset signal 'cnt' is not an input port
    at line 69 in /student/jjaskowiec/Downloads/UEC2_projekt_2025/rtl/keyboard/PS2Receiver.v:69 [compile index 11]
*** Warning: IMPLICIT_DECLARATION: Implicit declaration of 'key_enter' using `default_nettype set to wire
    at line 33 in /student/jjaskowiec/Downloads/UEC2_projekt_2025/rtl/top_vga.sv:33 [compile index 15]
*** Warning: IMPLICIT_DECLARATION: Implicit declaration of 'key_space' using `default_nettype set to wire
    at line 34 in /student/jjaskowiec/Downloads/UEC2_projekt_2025/rtl/top_vga.sv:34 [compile index 15]
*** Warning: INTERNAL_GENERATED_RESET: Reset signal 'file_open' is not an input port
    at line 388 in /student/jjaskowiec/Downloads/UEC2_projekt_2025/sim/common/tiff_writer.sv:388 [compile index 17]
*** Warning: MULTIPLE_CLOCKS_BLOCK: Procedural block driven by multiple clocks (go_delayed, go)
    at line 395 in /student/jjaskowiec/Downloads/UEC2_projekt_2025/sim/common/tiff_writer.sv:395 [compile index 17]
*** Warning: SIGNAL_NEVER_READ: Signal 'pos_x' is never read (connected to sub-instance output port)
    at line 9 in /student/jjaskowiec/Downloads/UEC2_projekt_2025/sim/move_ctr_fsm/move_ctr_fsm_tb.sv:9 [compile index 19]
*** Warning: SIGNAL_NEVER_READ: Signal 'pos_y' is never read (connected to sub-instance output port)
    at line 9 in /student/jjaskowiec/Downloads/UEC2_projekt_2025/sim/move_ctr_fsm/move_ctr_fsm_tb.sv:9 [compile index 19]
*** Warning: SIGNAL_NEVER_WRITTEN: Signal 'pclk' is never written (connected to sub-instance input port)
    at line 40 in /student/jjaskowiec/Downloads/UEC2_projekt_2025/sim/top_fpga/top_fpga_tb.sv:40 [compile index 20]
*** Warning: SIGNAL_NEVER_READ: Signal 'hs' is never read (connected to sub-instance output port)
    at line 41 in /student/jjaskowiec/Downloads/UEC2_projekt_2025/sim/top_fpga/top_fpga_tb.sv:41 [compile index 20]
*** Warning: SIGNAL_NEVER_USED: Signal 'clk6' is never used
    at line 40 in /student/jjaskowiec/Downloads/UEC2_projekt_2025/sim/top_vga/top_vga_tb.sv:40 [compile index 23]
*** Warning: SIGNAL_NEVER_READ: Signal 'hs' is never read (connected to sub-instance output port)
    at line 41 in /student/jjaskowiec/Downloads/UEC2_projekt_2025/sim/top_vga/top_vga_tb.sv:41 [compile index 23]
*** Warning: SIGNAL_NEVER_READ: Signal 'GSR' is never read
    at line 14 in /student/jjaskowiec/Downloads/UEC2_projekt_2025/sim/common/glbl.v:14 [compile index 27]
*** Warning: SIGNAL_NEVER_READ: Signal 'GTS' is never read
    at line 15 in /student/jjaskowiec/Downloads/UEC2_projekt_2025/sim/common/glbl.v:15 [compile index 27]
*** Warning: SIGNAL_NEVER_USED: Signal 'GWE' is never used
    at line 16 in /student/jjaskowiec/Downloads/UEC2_projekt_2025/sim/common/glbl.v:16 [compile index 27]
*** Warning: SIGNAL_NEVER_READ: Signal 'PRLD' is never read
    at line 17 in /student/jjaskowiec/Downloads/UEC2_projekt_2025/sim/common/glbl.v:17 [compile index 27]
*** Warning: SIGNAL_NEVER_READ: Signal 'GRESTORE' is never read
    at line 18 in /student/jjaskowiec/Downloads/UEC2_projekt_2025/sim/common/glbl.v:18 [compile index 27]
*** Warning: SIGNAL_NEVER_WRITTEN: Signal 'p_up_tmp' is never written
    at line 19 in /student/jjaskowiec/Downloads/UEC2_projekt_2025/sim/common/glbl.v:19 [compile index 27]
*** Warning: SIGNAL_NEVER_READ: Signal 'PLL_LOCKG' is never read
    at line 20 in /student/jjaskowiec/Downloads/UEC2_projekt_2025/sim/common/glbl.v:20 [compile index 27]
*** Warning: SIGNAL_NEVER_USED: Signal 'PROGB_GLBL' is never used
    at line 22 in /student/jjaskowiec/Downloads/UEC2_projekt_2025/sim/common/glbl.v:22 [compile index 27]
*** Warning: SIGNAL_NEVER_USED: Signal 'CCLKO_GLBL' is never used
    at line 23 in /student/jjaskowiec/Downloads/UEC2_projekt_2025/sim/common/glbl.v:23 [compile index 27]
*** Warning: SIGNAL_NEVER_USED: Signal 'FCSBO_GLBL' is never used
    at line 24 in /student/jjaskowiec/Downloads/UEC2_projekt_2025/sim/common/glbl.v:24 [compile index 27]
*** Warning: SIGNAL_NEVER_USED: Signal 'DO_GLBL' is never used
    at line 25 in /student/jjaskowiec/Downloads/UEC2_projekt_2025/sim/common/glbl.v:25 [compile index 27]
*** Warning: SIGNAL_NEVER_USED: Signal 'DI_GLBL' is never used
    at line 26 in /student/jjaskowiec/Downloads/UEC2_projekt_2025/sim/common/glbl.v:26 [compile index 27]
*** Warning: SIGNAL_NEVER_USED: Signal 'JTAG_TDO_GLBL' is never used
    at line 34 in /student/jjaskowiec/Downloads/UEC2_projekt_2025/sim/common/glbl.v:34 [compile index 27]
*** Warning: SIGNAL_NEVER_USED: Signal 'JTAG_TCK_GLBL' is never used
    at line 35 in /student/jjaskowiec/Downloads/UEC2_projekt_2025/sim/common/glbl.v:35 [compile index 27]
*** Warning: SIGNAL_NEVER_USED: Signal 'JTAG_TDI_GLBL' is never used
    at line 36 in /student/jjaskowiec/Downloads/UEC2_projekt_2025/sim/common/glbl.v:36 [compile index 27]
*** Warning: SIGNAL_NEVER_USED: Signal 'JTAG_TMS_GLBL' is never used
    at line 37 in /student/jjaskowiec/Downloads/UEC2_projekt_2025/sim/common/glbl.v:37 [compile index 27]
*** Warning: SIGNAL_NEVER_USED: Signal 'JTAG_TRST_GLBL' is never used
    at line 38 in /student/jjaskowiec/Downloads/UEC2_projekt_2025/sim/common/glbl.v:38 [compile index 27]
*** Warning: SIGNAL_NEVER_USED: Signal 'JTAG_CAPTURE_GLBL' is never used
    at line 40 in /student/jjaskowiec/Downloads/UEC2_projekt_2025/sim/common/glbl.v:40 [compile index 27]
*** Warning: SIGNAL_NEVER_USED: Signal 'JTAG_RESET_GLBL' is never used
    at line 41 in /student/jjaskowiec/Downloads/UEC2_projekt_2025/sim/common/glbl.v:41 [compile index 27]
*** Warning: SIGNAL_NEVER_USED: Signal 'JTAG_SHIFT_GLBL' is never used
    at line 42 in /student/jjaskowiec/Downloads/UEC2_projekt_2025/sim/common/glbl.v:42 [compile index 27]
*** Warning: SIGNAL_NEVER_USED: Signal 'JTAG_UPDATE_GLBL' is never used
    at line 43 in /student/jjaskowiec/Downloads/UEC2_projekt_2025/sim/common/glbl.v:43 [compile index 27]
*** Warning: SIGNAL_NEVER_USED: Signal 'JTAG_RUNTEST_GLBL' is never used
    at line 44 in /student/jjaskowiec/Downloads/UEC2_projekt_2025/sim/common/glbl.v:44 [compile index 27]
*** Warning: SIGNAL_NEVER_READ: Signal 'JTAG_SEL1_GLBL' is never read
    at line 46 in /student/jjaskowiec/Downloads/UEC2_projekt_2025/sim/common/glbl.v:46 [compile index 27]
*** Warning: SIGNAL_NEVER_READ: Signal 'JTAG_SEL2_GLBL' is never read
    at line 47 in /student/jjaskowiec/Downloads/UEC2_projekt_2025/sim/common/glbl.v:47 [compile index 27]
*** Warning: SIGNAL_NEVER_READ: Signal 'JTAG_SEL3_GLBL' is never read
    at line 48 in /student/jjaskowiec/Downloads/UEC2_projekt_2025/sim/common/glbl.v:48 [compile index 27]
*** Warning: SIGNAL_NEVER_READ: Signal 'JTAG_SEL4_GLBL' is never read
    at line 49 in /student/jjaskowiec/Downloads/UEC2_projekt_2025/sim/common/glbl.v:49 [compile index 27]
*** Warning: SIGNAL_NEVER_READ: Signal 'JTAG_USER_TDO1_GLBL' is never read
    at line 51 in /student/jjaskowiec/Downloads/UEC2_projekt_2025/sim/common/glbl.v:51 [compile index 27]
*** Warning: SIGNAL_NEVER_READ: Signal 'JTAG_USER_TDO2_GLBL' is never read
    at line 52 in /student/jjaskowiec/Downloads/UEC2_projekt_2025/sim/common/glbl.v:52 [compile index 27]
*** Warning: SIGNAL_NEVER_READ: Signal 'JTAG_USER_TDO3_GLBL' is never read
    at line 53 in /student/jjaskowiec/Downloads/UEC2_projekt_2025/sim/common/glbl.v:53 [compile index 27]
*** Warning: SIGNAL_NEVER_READ: Signal 'JTAG_USER_TDO4_GLBL' is never read
    at line 54 in /student/jjaskowiec/Downloads/UEC2_projekt_2025/sim/common/glbl.v:54 [compile index 27]
*** Done mixed mode extension build [1s.265ms] ***
*** Total build time [2s.762ms] ***
